<?xml version="1.0" encoding="UTF-8"?>
<testng-results skipped="0" failed="0" total="1" passed="1">
  <reporter-output>
  </reporter-output>
  <suite name="Default suite" duration-ms="14169" started-at="2019-06-27T21:37:28Z" finished-at="2019-06-27T21:37:42Z">
    <groups>
    </groups>
    <test name="Default test" duration-ms="14169" started-at="2019-06-27T21:37:28Z" finished-at="2019-06-27T21:37:42Z">
      <class name="com.qa.GmailLoginTest.GmailLoginTest">
        <test-method status="PASS" signature="setup()[pri:0, instance:com.qa.GmailLoginTest.GmailLoginTest@643b1d11]" name="setup" is-config="true" duration-ms="6489" started-at="2019-06-27T17:37:28Z" finished-at="2019-06-27T17:37:34Z">
          <reporter-output>
          </reporter-output>
        </test-method> <!-- setup -->
        <test-method status="PASS" signature="Login()[pri:0, instance:com.qa.GmailLoginTest.GmailLoginTest@643b1d11]" name="Login" duration-ms="6941" started-at="2019-06-27T17:37:34Z" finished-at="2019-06-27T17:37:41Z">
          <reporter-output>
          </reporter-output>
        </test-method> <!-- Login -->
        <test-method status="PASS" signature="teardown()[pri:0, instance:com.qa.GmailLoginTest.GmailLoginTest@643b1d11]" name="teardown" is-config="true" duration-ms="721" started-at="2019-06-27T17:37:41Z" finished-at="2019-06-27T17:37:42Z">
          <reporter-output>
          </reporter-output>
        </test-method> <!-- teardown -->
      </class> <!-- com.qa.GmailLoginTest.GmailLoginTest -->
    </test> <!-- Default test -->
  </suite> <!-- Default suite -->
</testng-results>
